<?xml version="1.0" encoding="UTF-8"?>
<testng-results skipped="0" failed="0" total="0" passed="0">
  <reporter-output>
  </reporter-output>
  <suite name="emse.rts.summer_2015.wiki_changes.AppTest" duration-ms="4" started-at="2015-07-04T22:19:31Z" finished-at="2015-07-04T22:19:31Z">
    <groups>
    </groups>
    <test name="Command line test" duration-ms="4" started-at="2015-07-04T22:19:31Z" finished-at="2015-07-04T22:19:31Z">
    </test> <!-- Command line test -->
  </suite> <!-- emse.rts.summer_2015.wiki_changes.AppTest -->
</testng-results>
